<?xml version="1.0" encoding="UTF-8"?>
<!-- Generated by org.testng.reporters.JUnitXMLReporter -->
<testsuite ignored="4" hostname="DESKTOP-HSL7AJ6" failures="0" tests="1" name="Default test" time="2.123" errors="0" timestamp="25 May 2022 03:37:42 GMT">
  <testcase classname="FreshRestAssured.TestingRA.Testcases" name="UpdateUser" time="1.458"/>
  <testcase classname="FreshRestAssured.TestingRA.Testcases" name="CreateUser" time="0.0">
    <ignored/>
  </testcase> <!-- CreateUser -->
  <testcase classname="FreshRestAssured.TestingRA.Testcases" name="getListOfUsers" time="0.0">
    <ignored/>
  </testcase> <!-- getListOfUsers -->
  <testcase classname="FreshRestAssured.TestingRA.Testcases" name="DeleteUser" time="0.0">
    <ignored/>
  </testcase> <!-- DeleteUser -->
  <testcase classname="FreshRestAssured.TestingRA.Testcases" name="getSpecificUser" time="0.0">
    <ignored/>
  </testcase> <!-- getSpecificUser -->
</testsuite> <!-- Default test -->
